Using pre-set license
Built from '2020.3/staging' branch; Version is '2020.3.0f1 (c7b5465681fb) revision 13088070'; Using compiler version '192528614'; Build Type 'Release'
OS: 'Windows 10 Pro; OS build 19042.1237; Version 2009; 64bit' Language: 'pt' Physical Memory: 16296 MB
BatchMode: 1, IsHumanControllingUs: 0, StartBugReporterOnCrash: 0, Is64bit: 1, IsPro: 0

 COMMAND LINE ARGUMENTS:
C:\0 - Thiago\Programas\Projetos Unity\New Unity Project\2020.3.0f1\Editor\Unity.exe
-adb2
-batchMode
-noUpm
-name
AssetImportWorker0
-projectPath
C:/0 - Thiago/Programas/Projetos Unity/3D Jogo/Unit5/Unit 5
-logFile
Logs/AssetImportWorker0.log
-srvPort
60132
Successfully changed project path to: C:/0 - Thiago/Programas/Projetos Unity/3D Jogo/Unit5/Unit 5
C:/0 - Thiago/Programas/Projetos Unity/3D Jogo/Unit5/Unit 5
Using Asset Import Pipeline V2.
Refreshing native plugins compatible for Editor in 19.81 ms, found 0 plugins.
Preloading 0 native plugins for Editor in 0.00 ms.
Initialize engine version: 2020.3.0f1 (c7b5465681fb)
[Subsystems] Discovering subsystems at path C:/0 - Thiago/Programas/Projetos Unity/New Unity Project/2020.3.0f1/Editor/Data/Resources/UnitySubsystems
[Subsystems] Discovering subsystems at path C:/0 - Thiago/Programas/Projetos Unity/3D Jogo/Unit5/Unit 5/Assets
GfxDevice: creating device client; threaded=0
Direct3D:
    Version:  Direct3D 11.0 [level 11.1]
    Renderer: NVIDIA GeForce RTX 2060 SUPER (ID=0x1f06)
    Vendor:   
    VRAM:     8031 MB
    Driver:   30.0.14.7141
Initialize mono
Mono path[0] = 'C:/0 - Thiago/Programas/Projetos Unity/New Unity Project/2020.3.0f1/Editor/Data/Managed'
Mono path[1] = 'C:/0 - Thiago/Programas/Projetos Unity/New Unity Project/2020.3.0f1/Editor/Data/MonoBleedingEdge/lib/mono/unityjit'
Mono config path = 'C:/0 - Thiago/Programas/Projetos Unity/New Unity Project/2020.3.0f1/Editor/Data/MonoBleedingEdge/etc'
Using monoOptions --debugger-agent=transport=dt_socket,embedding=1,server=y,suspend=n,address=127.0.0.1:56016
Begin MonoManager ReloadAssembly
Registering precompiled unity dll's ...
Register platform support module: C:/0 - Thiago/Programas/Projetos Unity/New Unity Project/2020.3.0f1/Editor/Data/PlaybackEngines/WindowsStandaloneSupport/UnityEditor.WindowsStandalone.Extensions.dll
Registered in 0.001195 seconds.
Native extension for WindowsStandalone target not found
Refreshing native plugins compatible for Editor in 19.69 ms, found 0 plugins.
Preloading 0 native plugins for Editor in 0.00 ms.
Invoked RoslynAnalysisRunner static constructor.
RoslynAnalysisRunner will not be running.
RoslynAnalysisRunner has terminated.
Mono: successfully reloaded assembly
- Completed reload, in  1.333 seconds
Platform modules already initialized, skipping
Registering precompiled user dll's ...
Registered in 0.000434 seconds.
Begin MonoManager ReloadAssembly
Native extension for WindowsStandalone target not found
Refreshing native plugins compatible for Editor in 0.21 ms, found 0 plugins.
Preloading 0 native plugins for Editor in 0.00 ms.
Invoked RoslynAnalysisRunner static constructor.
RoslynAnalysisRunner will not be running.
RoslynAnalysisRunner has terminated.
Mono: successfully reloaded assembly
- Completed reload, in  0.589 seconds
Platform modules already initialized, skipping
========================================================================
Worker process is ready to serve import requests
Launched and connected shader compiler UnityShaderCompiler.exe after 0.03 seconds
Refreshing native plugins compatible for Editor in 0.20 ms, found 0 plugins.
Preloading 0 native plugins for Editor in 0.00 ms.
Unloading 1137 Unused Serialized files (Serialized files now loaded: 0)
System memory in use before: 78.8 MB.
System memory in use after: 78.9 MB.

Unloading 8 unused Assets to reduce memory usage. Loaded Objects now: 1605.
Total: 1.518100 ms (FindLiveObjects: 0.142400 ms CreateObjectMapping: 0.030600 ms MarkObjects: 1.325800 ms  DeleteObjects: 0.018100 ms)

========================================================================
Received Import Request.
  path: Assets/Prefab/Good 1.prefab
  artifactKey: Guid(ce69b5c08adc02147860e766374c2069) Importer(815301076,1909f56bfc062723c751e8b465ee728b)
Start importing Assets/Prefab/Good 1.prefab using Guid(ce69b5c08adc02147860e766374c2069) Importer(815301076,1909f56bfc062723c751e8b465ee728b)  -> (artifact id: 'b3fb4975655f37cb898c2f4353351564') in 0.411513 seconds
  Import took 0.413374 seconds .

========================================================================
Received Import Request.
  Time since last request: 0.000179 seconds.
  path: Assets/Prefab/Good 2.prefab
  artifactKey: Guid(665e36c258cfc184ebe844dca46a48e9) Importer(815301076,1909f56bfc062723c751e8b465ee728b)
Start importing Assets/Prefab/Good 2.prefab using Guid(665e36c258cfc184ebe844dca46a48e9) Importer(815301076,1909f56bfc062723c751e8b465ee728b)  -> (artifact id: '70fedc265071f04bb7437a3b60e08f31') in 0.011529 seconds
  Import took 0.013435 seconds .

========================================================================
Received Import Request.
  Time since last request: 0.000131 seconds.
  path: Assets/Prefab/Bad 1.prefab
  artifactKey: Guid(b77ef9d60a97ca94d8f5678fd017ddad) Importer(815301076,1909f56bfc062723c751e8b465ee728b)
Start importing Assets/Prefab/Bad 1.prefab using Guid(b77ef9d60a97ca94d8f5678fd017ddad) Importer(815301076,1909f56bfc062723c751e8b465ee728b)  -> (artifact id: '91e2ef15390b6c3669df97e558cbb072') in 0.012872 seconds
  Import took 0.014493 seconds .

========================================================================
Received Import Request.
  Time since last request: 0.000143 seconds.
  path: Assets/Prefab/Good 3.prefab
  artifactKey: Guid(58c79697c39e15842b2ebd14e7f6fd6b) Importer(815301076,1909f56bfc062723c751e8b465ee728b)
Start importing Assets/Prefab/Good 3.prefab using Guid(58c79697c39e15842b2ebd14e7f6fd6b) Importer(815301076,1909f56bfc062723c751e8b465ee728b)  -> (artifact id: '7c5b98cbe06a44a6520ced24b617bc56') in 0.009827 seconds
  Import took 0.011788 seconds .

========================================================================
Received Prepare
Registering precompiled user dll's ...
Registered in 0.000405 seconds.
Begin MonoManager ReloadAssembly
Native extension for WindowsStandalone target not found
Refreshing native plugins compatible for Editor in 0.21 ms, found 0 plugins.
Preloading 0 native plugins for Editor in 0.00 ms.
Invoked RoslynAnalysisRunner static constructor.
RoslynAnalysisRunner will not be running.
RoslynAnalysisRunner has terminated.
Mono: successfully reloaded assembly
- Completed reload, in  0.578 seconds
Platform modules already initialized, skipping
Switching build target platform(5) subTarget(0) extendedPlatform(0) -> platform(13) subTarget(537395200) extendedPlatform(0)
Refreshing native plugins compatible for Editor in 0.21 ms, found 0 plugins.
Preloading 0 native plugins for Editor in 0.00 ms.
Unloading 1122 Unused Serialized files (Serialized files now loaded: 0)
System memory in use before: 80.1 MB.
System memory in use after: 80.2 MB.

Unloading 4 unused Assets to reduce memory usage. Loaded Objects now: 1616.
Total: 1.462100 ms (FindLiveObjects: 0.145000 ms CreateObjectMapping: 0.025700 ms MarkObjects: 1.274200 ms  DeleteObjects: 0.016400 ms)

AssetImportParameters requested are different than current active one (requested -> active):
  custom:graphics/normal-map-encoding: 01000000000000000000000000000000 -> 02000000000000000000000000000000
========================================================================
Received Prepare
Refreshing native plugins compatible for Editor in 0.63 ms, found 0 plugins.
Preloading 0 native plugins for Editor in 0.00 ms.
Unloading 3 Unused Serialized files (Serialized files now loaded: 0)
System memory in use before: 58.2 MB.
System memory in use after: 58.3 MB.

Unloading 2 unused Assets to reduce memory usage. Loaded Objects now: 1616.
Total: 1.834500 ms (FindLiveObjects: 0.142800 ms CreateObjectMapping: 0.024700 ms MarkObjects: 1.657000 ms  DeleteObjects: 0.009300 ms)

========================================================================
Received Prepare
Refreshing native plugins compatible for Editor in 0.54 ms, found 0 plugins.
Preloading 0 native plugins for Editor in 0.00 ms.
Unloading 3 Unused Serialized files (Serialized files now loaded: 0)
System memory in use before: 58.2 MB.
System memory in use after: 58.3 MB.

Unloading 2 unused Assets to reduce memory usage. Loaded Objects now: 1616.
Total: 1.496900 ms (FindLiveObjects: 0.160700 ms CreateObjectMapping: 0.026500 ms MarkObjects: 1.297500 ms  DeleteObjects: 0.011400 ms)

========================================================================
Received Prepare
Refreshing native plugins compatible for Editor in 0.55 ms, found 0 plugins.
Preloading 0 native plugins for Editor in 0.00 ms.
Unloading 3 Unused Serialized files (Serialized files now loaded: 0)
System memory in use before: 58.2 MB.
System memory in use after: 58.3 MB.

Unloading 2 unused Assets to reduce memory usage. Loaded Objects now: 1616.
Total: 1.513400 ms (FindLiveObjects: 0.169400 ms CreateObjectMapping: 0.029600 ms MarkObjects: 1.304300 ms  DeleteObjects: 0.009300 ms)

AssetImportWorkerClient::OnTransportError - code=2 error=End of file
